loading app mtd_controller.py
loading app ryu.controller.ofp_handler
instantiating app mtd_controller.py of MTDController
Traceback (most recent call last):
  File "/usr/local/bin/ryu-manager", line 8, in <module>
    sys.exit(main())
  File "/usr/local/lib/python3.8/site-packages/ryu/cmd/manager.py", line 101, in main
    services.extend(app_mgr.instantiate_apps(**contexts))
  File "/usr/local/lib/python3.8/site-packages/ryu/base/app_manager.py", line 509, in instantiate_apps
    self._instantiate(app_name, cls, *args, **kwargs)
  File "/usr/local/lib/python3.8/site-packages/ryu/base/app_manager.py", line 495, in _instantiate
    app = cls(*args, **kwargs)
  File "/app/mtd_controller.py", line 759, in __init__
    self._start_rest_api()
  File "/app/mtd_controller.py", line 933, in _start_rest_api
    server = ThreadedHTTPServer(('0.0.0.0', 8000), SimpleRESTHandler)
  File "/usr/local/lib/python3.8/socketserver.py", line 452, in __init__
    self.server_bind()
  File "/usr/local/lib/python3.8/http/server.py", line 139, in server_bind
    socketserver.TCPServer.server_bind(self)
  File "/usr/local/lib/python3.8/socketserver.py", line 466, in server_bind
    self.socket.bind(self.server_address)
OSError: [Errno 98] Address already in use
